2016-11-06 00:38:54,658 [Worker-57] ERROR o.e.r.s.GitSnippetRepository - Transport operation failed.
org.eclipse.jgit.api.errors.TransportException: Unexpected end of file from server
	at org.eclipse.jgit.api.FetchCommand.call(FetchCommand.java:139) ~[org.eclipse.jgit_4.0.0.201506090130-r.jar:4.0.0.201506090130-r]
	at org.eclipse.recommenders.snipmatch.GitSnippetRepository.fetch(GitSnippetRepository.java:189) ~[org.eclipse.recommenders.snipmatch_2.2.0.v20150609-1848.jar:na]
	at org.eclipse.recommenders.snipmatch.GitSnippetRepository.open(GitSnippetRepository.java:84) ~[org.eclipse.recommenders.snipmatch_2.2.0.v20150609-1848.jar:na]
	at org.eclipse.recommenders.internal.snipmatch.rcp.EclipseGitSnippetRepository$2.run(EclipseGitSnippetRepository.java:170) [org.eclipse.recommenders.snipmatch.rcp_2.2.0.v20150609-1848.jar:na]
	at org.eclipse.core.internal.jobs.Worker.run(Worker.java:55) [org.eclipse.core.jobs_3.7.0.v20150330-2103.jar:na]
Caused by: org.eclipse.jgit.errors.TransportException: Unexpected end of file from server
	at org.eclipse.jgit.transport.BasePackFetchConnection.doFetch(BasePackFetchConnection.java:370) ~[org.eclipse.jgit_4.0.0.201506090130-r.jar:4.0.0.201506090130-r]
	at org.eclipse.jgit.transport.TransportHttp$SmartHttpFetchConnection.doFetch(TransportHttp.java:779) ~[org.eclipse.jgit_4.0.0.201506090130-r.jar:4.0.0.201506090130-r]
	at org.eclipse.jgit.transport.BasePackFetchConnection.fetch(BasePackFetchConnection.java:301) ~[org.eclipse.jgit_4.0.0.201506090130-r.jar:4.0.0.201506090130-r]
	at org.eclipse.jgit.transport.BasePackFetchConnection.fetch(BasePackFetchConnection.java:291) ~[org.eclipse.jgit_4.0.0.201506090130-r.jar:4.0.0.201506090130-r]
	at org.eclipse.jgit.transport.FetchProcess.fetchObjects(FetchProcess.java:245) ~[org.eclipse.jgit_4.0.0.201506090130-r.jar:4.0.0.201506090130-r]
	at org.eclipse.jgit.transport.FetchProcess.executeImp(FetchProcess.java:161) ~[org.eclipse.jgit_4.0.0.201506090130-r.jar:4.0.0.201506090130-r]
	at org.eclipse.jgit.transport.FetchProcess.execute(FetchProcess.java:122) ~[org.eclipse.jgit_4.0.0.201506090130-r.jar:4.0.0.201506090130-r]
	at org.eclipse.jgit.transport.Transport.fetch(Transport.java:1138) ~[org.eclipse.jgit_4.0.0.201506090130-r.jar:4.0.0.201506090130-r]
	at org.eclipse.jgit.api.FetchCommand.call(FetchCommand.java:130) ~[org.eclipse.jgit_4.0.0.201506090130-r.jar:4.0.0.201506090130-r]
	... 4 common frames omitted
Caused by: java.net.SocketException: Unexpected end of file from server
	at sun.net.www.http.HttpClient.parseHTTPHeader(Unknown Source) ~[na:1.8.0_74]
	at sun.net.www.http.HttpClient.parseHTTP(Unknown Source) ~[na:1.8.0_74]
	at sun.net.www.protocol.http.HttpURLConnection.getInputStream0(Unknown Source) ~[na:1.8.0_74]
	at sun.net.www.protocol.http.HttpURLConnection.getInputStream(Unknown Source) ~[na:1.8.0_74]
	at java.net.HttpURLConnection.getResponseCode(Unknown Source) ~[na:1.8.0_74]
	at org.eclipse.jgit.transport.http.JDKHttpConnection.getResponseCode(JDKHttpConnection.java:98) ~[org.eclipse.jgit_4.0.0.201506090130-r.jar:4.0.0.201506090130-r]
	at org.eclipse.jgit.util.HttpSupport.response(HttpSupport.java:174) ~[org.eclipse.jgit_4.0.0.201506090130-r.jar:4.0.0.201506090130-r]
	at org.eclipse.jgit.transport.TransportHttp$Service.openResponse(TransportHttp.java:873) ~[org.eclipse.jgit_4.0.0.201506090130-r.jar:4.0.0.201506090130-r]
	at org.eclipse.jgit.transport.TransportHttp$MultiRequestService.execute(TransportHttp.java:977) ~[org.eclipse.jgit_4.0.0.201506090130-r.jar:4.0.0.201506090130-r]
	at org.eclipse.jgit.transport.TransportHttp$Service$HttpExecuteStream.read(TransportHttp.java:903) ~[org.eclipse.jgit_4.0.0.201506090130-r.jar:4.0.0.201506090130-r]
	at org.eclipse.jgit.util.io.UnionInputStream.read(UnionInputStream.java:145) ~[org.eclipse.jgit_4.0.0.201506090130-r.jar:4.0.0.201506090130-r]
	at org.eclipse.jgit.util.IO.readFully(IO.java:246) ~[org.eclipse.jgit_4.0.0.201506090130-r.jar:4.0.0.201506090130-r]
	at org.eclipse.jgit.transport.PacketLineIn.readLength(PacketLineIn.java:186) ~[org.eclipse.jgit_4.0.0.201506090130-r.jar:4.0.0.201506090130-r]
	at org.eclipse.jgit.transport.PacketLineIn.readString(PacketLineIn.java:138) ~[org.eclipse.jgit_4.0.0.201506090130-r.jar:4.0.0.201506090130-r]
	at org.eclipse.jgit.transport.PacketLineIn.readACK(PacketLineIn.java:102) ~[org.eclipse.jgit_4.0.0.201506090130-r.jar:4.0.0.201506090130-r]
	at org.eclipse.jgit.transport.BasePackFetchConnection.negotiate(BasePackFetchConnection.java:656) ~[org.eclipse.jgit_4.0.0.201506090130-r.jar:4.0.0.201506090130-r]
	at org.eclipse.jgit.transport.BasePackFetchConnection.doFetch(BasePackFetchConnection.java:356) ~[org.eclipse.jgit_4.0.0.201506090130-r.jar:4.0.0.201506090130-r]
	... 12 common frames omitted
2016-11-06 00:38:54,753 [Worker-57] ERROR o.e.r.i.s.r.EclipseGitSnippetRepository - Exception while opening repository.
java.io.IOException: Could not connect to remote repository. Your internet connection may be down.
	at org.eclipse.recommenders.snipmatch.GitSnippetRepository.createException(GitSnippetRepository.java:129) ~[na:na]
	at org.eclipse.recommenders.snipmatch.GitSnippetRepository.open(GitSnippetRepository.java:103) ~[na:na]
	at org.eclipse.recommenders.internal.snipmatch.rcp.EclipseGitSnippetRepository$2.run(EclipseGitSnippetRepository.java:170) ~[na:na]
	at org.eclipse.core.internal.jobs.Worker.run(Worker.java:55) [org.eclipse.core.jobs_3.7.0.v20150330-2103.jar:na]
Caused by: org.eclipse.jgit.api.errors.TransportException: Unexpected end of file from server
	at org.eclipse.jgit.api.FetchCommand.call(FetchCommand.java:139) ~[na:na]
	at org.eclipse.recommenders.snipmatch.GitSnippetRepository.fetch(GitSnippetRepository.java:189) ~[na:na]
	at org.eclipse.recommenders.snipmatch.GitSnippetRepository.open(GitSnippetRepository.java:84) ~[na:na]
	... 2 common frames omitted
Caused by: org.eclipse.jgit.errors.TransportException: Unexpected end of file from server
	at org.eclipse.jgit.transport.BasePackFetchConnection.doFetch(BasePackFetchConnection.java:370) ~[na:na]
	at org.eclipse.jgit.transport.TransportHttp$SmartHttpFetchConnection.doFetch(TransportHttp.java:779) ~[na:na]
	at org.eclipse.jgit.transport.BasePackFetchConnection.fetch(BasePackFetchConnection.java:301) ~[na:na]
	at org.eclipse.jgit.transport.BasePackFetchConnection.fetch(BasePackFetchConnection.java:291) ~[na:na]
	at org.eclipse.jgit.transport.FetchProcess.fetchObjects(FetchProcess.java:245) ~[na:na]
	at org.eclipse.jgit.transport.FetchProcess.executeImp(FetchProcess.java:161) ~[na:na]
	at org.eclipse.jgit.transport.FetchProcess.execute(FetchProcess.java:122) ~[na:na]
	at org.eclipse.jgit.transport.Transport.fetch(Transport.java:1138) ~[na:na]
	at org.eclipse.jgit.api.FetchCommand.call(FetchCommand.java:130) ~[na:na]
	... 4 common frames omitted
Caused by: java.net.SocketException: Unexpected end of file from server
	at sun.net.www.http.HttpClient.parseHTTPHeader(Unknown Source) ~[na:1.8.0_74]
	at sun.net.www.http.HttpClient.parseHTTP(Unknown Source) ~[na:1.8.0_74]
	at sun.net.www.protocol.http.HttpURLConnection.getInputStream0(Unknown Source) ~[na:1.8.0_74]
	at sun.net.www.protocol.http.HttpURLConnection.getInputStream(Unknown Source) ~[na:1.8.0_74]
	at java.net.HttpURLConnection.getResponseCode(Unknown Source) ~[na:1.8.0_74]
	at org.eclipse.jgit.transport.http.JDKHttpConnection.getResponseCode(JDKHttpConnection.java:98) ~[na:na]
	at org.eclipse.jgit.util.HttpSupport.response(HttpSupport.java:174) ~[na:na]
	at org.eclipse.jgit.transport.TransportHttp$Service.openResponse(TransportHttp.java:873) ~[na:na]
	at org.eclipse.jgit.transport.TransportHttp$MultiRequestService.execute(TransportHttp.java:977) ~[na:na]
	at org.eclipse.jgit.transport.TransportHttp$Service$HttpExecuteStream.read(TransportHttp.java:903) ~[na:na]
	at org.eclipse.jgit.util.io.UnionInputStream.read(UnionInputStream.java:145) ~[na:na]
	at org.eclipse.jgit.util.IO.readFully(IO.java:246) ~[na:na]
	at org.eclipse.jgit.transport.PacketLineIn.readLength(PacketLineIn.java:186) ~[na:na]
	at org.eclipse.jgit.transport.PacketLineIn.readString(PacketLineIn.java:138) ~[na:na]
	at org.eclipse.jgit.transport.PacketLineIn.readACK(PacketLineIn.java:102) ~[na:na]
	at org.eclipse.jgit.transport.BasePackFetchConnection.negotiate(BasePackFetchConnection.java:656) ~[na:na]
	at org.eclipse.jgit.transport.BasePackFetchConnection.doFetch(BasePackFetchConnection.java:356) ~[na:na]
	... 12 common frames omitted
